<?xml version="1.0" encoding="UTF-8"?>
<testsuite xmlns:xsi="http://www.w3.org/2001/XMLSchema-instance" xsi:noNamespaceSchemaLocation="https://maven.apache.org/surefire/maven-surefire-plugin/xsd/surefire-test-report.xsd" name="testrunnerutils.CucumberTestRunner" time="15.91" tests="63" errors="0" skipped="0" failures="0">
  <properties>
[...]
</properties>
  <testcase name="Given I setup the required URI to run posts service" classname="| userId - 5 | 200 | 10 |" time="0.002"/>
  <testcase name="When I send the posts api service request with given input parameters &quot;userId - 5&quot;" classname="| userId - 5 | 200 | 10 |" time="0.001"/>
  <testcase name="Then I validate the posts service response code &quot;200&quot;" classname="| userId - 5 | 200 | 10 |" time="0"/>
  <testcase name="And I validate the posts api service returns appropriate number of posts from system &quot;10&quot;" classname="| userId - 5 | 200 | 10 |" time="0"/>
  <testcase name="And I validate posts api returns response with appropriate details &quot;userId - 5&quot;" classname="| userId - 5 | 200 | 10 |" time="0"/>
  <testcase name="And I validate posts api response includes given attributes" classname="| userId - 5 | 200 | 10 |" time="0"/>
  <testcase name="| userId - 5 | 200 | 10 |" classname="| userId - 5 | 200 | 10 |" time="0.005"/>
  <testcase name="Given I setup the required URI to run posts service" classname="| id - 50 | 200 | 1 |" time="0.008"/>
  <testcase name="When I send the posts api service request with given input parameters &quot;id - 50&quot;" classname="| id - 50 | 200 | 1 |" time="0"/>
  <testcase name="Then I validate the posts service response code &quot;200&quot;" classname="| id - 50 | 200 | 1 |" time="0"/>
  <testcase name="And I validate the posts api service returns appropriate number of posts from system &quot;1&quot;" classname="| id - 50 | 200 | 1 |" time="0"/>
  <testcase name="And I validate posts api returns response with appropriate details &quot;id - 50&quot;" classname="| id - 50 | 200 | 1 |" time="0"/>
  <testcase name="And I validate posts api response includes given attributes" classname="| id - 50 | 200 | 1 |" time="0"/>
  <testcase name="| id - 50 | 200 | 1 |" classname="| id - 50 | 200 | 1 |" time="0.009"/>
  <testcase name="Given I setup the required URI to run posts service" classname="| id - 50,userId - 5 | 200 | 1 |" time="0"/>
  <testcase name="When I send the posts api service request with given input parameters &quot;id - 50,userId - 5&quot;" classname="| id - 50,userId - 5 | 200 | 1 |" time="0"/>
  <testcase name="Then I validate the posts service response code &quot;200&quot;" classname="| id - 50,userId - 5 | 200 | 1 |" time="0"/>
  <testcase name="And I validate the posts api service returns appropriate number of posts from system &quot;1&quot;" classname="| id - 50,userId - 5 | 200 | 1 |" time="0"/>
  <testcase name="And I validate posts api returns response with appropriate details &quot;id - 50,userId - 5&quot;" classname="| id - 50,userId - 5 | 200 | 1 |" time="0"/>
  <testcase name="And I validate posts api response includes given attributes" classname="| id - 50,userId - 5 | 200 | 1 |" time="0"/>
  <testcase name="| id - 50,userId - 5 | 200 | 1 |" classname="| id - 50,userId - 5 | 200 | 1 |" time="0.003"/>
  <testcase name="Given I setup the required URI to run comments service" classname="| postId - 2 | 200 | 5 |" time="0"/>
  <testcase name="When I send the comments api service request with given input parameters &quot;postId - 2&quot;" classname="| postId - 2 | 200 | 5 |" time="0"/>
  <testcase name="Then I validate the comments service response code &quot;200&quot;" classname="| postId - 2 | 200 | 5 |" time="0"/>
  <testcase name="And I validate the comments api service returns appropriate number of comments from system &quot;5&quot;" classname="| postId - 2 | 200 | 5 |" time="0"/>
  <testcase name="And I validate comments api returns response with appropriate details &quot;postId - 2&quot;" classname="| postId - 2 | 200 | 5 |" time="0"/>
  <testcase name="And I validate comments api response includes given attributes" classname="| postId - 2 | 200 | 5 |" time="0"/>
  <testcase name="| postId - 2 | 200 | 5 |" classname="| postId - 2 | 200 | 5 |" time="0.006"/>
  <testcase name="Given I setup the required URI to run comments service" classname="| email - Mallory_Kunze@marie.org | 200 | 1 |" time="0"/>
  <testcase name="When I send the comments api service request with given input parameters &quot;email - Mallory_Kunze@marie.org&quot;" classname="| email - Mallory_Kunze@marie.org | 200 | 1 |" time="0"/>
  <testcase name="Then I validate the comments service response code &quot;200&quot;" classname="| email - Mallory_Kunze@marie.org | 200 | 1 |" time="0"/>
  <testcase name="And I validate the comments api service returns appropriate number of comments from system &quot;1&quot;" classname="| email - Mallory_Kunze@marie.org | 200 | 1 |" time="0"/>
  <testcase name="And I validate comments api returns response with appropriate details &quot;email - Mallory_Kunze@marie.org&quot;" classname="| email - Mallory_Kunze@marie.org | 200 | 1 |" time="0"/>
  <testcase name="And I validate comments api response includes given attributes" classname="| email - Mallory_Kunze@marie.org | 200 | 1 |" time="0"/>
  <testcase name="| email - Mallory_Kunze@marie.org | 200 | 1 |" classname="| email - Mallory_Kunze@marie.org | 200 | 1 |" time="0.016"/>
  <testcase name="Given I setup the required URI to run comments service" classname="| postId - 2,id - 6 | 200 | 1 |" time="0"/>
  <testcase name="When I send the comments api service request with given input parameters &quot;postId - 2,id - 6&quot;" classname="| postId - 2,id - 6 | 200 | 1 |" time="0"/>
  <testcase name="Then I validate the comments service response code &quot;200&quot;" classname="| postId - 2,id - 6 | 200 | 1 |" time="0"/>
  <testcase name="And I validate the comments api service returns appropriate number of comments from system &quot;1&quot;" classname="| postId - 2,id - 6 | 200 | 1 |" time="0"/>
  <testcase name="And I validate comments api returns response with appropriate details &quot;postId - 2,id - 6&quot;" classname="| postId - 2,id - 6 | 200 | 1 |" time="0"/>
  <testcase name="And I validate comments api response includes given attributes" classname="| postId - 2,id - 6 | 200 | 1 |" time="0"/>
  <testcase name="| postId - 2,id - 6 | 200 | 1 |" classname="| postId - 2,id - 6 | 200 | 1 |" time="0.002"/>
  <testcase name="Given I setup the required URI to run users service" classname="| id - 1 | 200 | 1 |" time="0"/>
  <testcase name="When I send the users api service request with given input parameters &quot;id - 1&quot;" classname="| id - 1 | 200 | 1 |" time="0"/>
  <testcase name="Then I validate the users service response code &quot;200&quot;" classname="| id - 1 | 200 | 1 |" time="0"/>
  <testcase name="And I validate the users api service returns appropriate number of users from system &quot;1&quot;" classname="| id - 1 | 200 | 1 |" time="0"/>
  <testcase name="And I validate users api returns response with appropriate details &quot;id - 1&quot;" classname="| id - 1 | 200 | 1 |" time="0"/>
  <testcase name="And I validate users api response includes given attributes" classname="| id - 1 | 200 | 1 |" time="0"/>
  <testcase name="| id - 1 | 200 | 1 |" classname="| id - 1 | 200 | 1 |" time="0.003"/>
  <testcase name="Given I setup the required URI to run users service" classname="| username - Karianne | 200 | 1 |" time="0"/>
  <testcase name="When I send the users api service request with given input parameters &quot;username - Karianne&quot;" classname="| username - Karianne | 200 | 1 |" time="0"/>
  <testcase name="Then I validate the users service response code &quot;200&quot;" classname="| username - Karianne | 200 | 1 |" time="0"/>
  <testcase name="And I validate the users api service returns appropriate number of users from system &quot;1&quot;" classname="| username - Karianne | 200 | 1 |" time="0"/>
  <testcase name="And I validate users api returns response with appropriate details &quot;username - Karianne&quot;" classname="| username - Karianne | 200 | 1 |" time="0"/>
  <testcase name="And I validate users api response includes given attributes" classname="| username - Karianne | 200 | 1 |" time="0"/>
  <testcase name="| username - Karianne | 200 | 1 |" classname="| username - Karianne | 200 | 1 |" time="0.01"/>
  <testcase name="Given I setup the required URI to run users service" classname="| name - Clementine Bauch,website - ramiro.info,username - Samantha | 200 | 1 |" time="0"/>
  <testcase name="When I send the users api service request with given input parameters &quot;name - Clementine Bauch,website - ramiro.info,username - Samantha&quot;" classname="| name - Clementine Bauch,website - ramiro.info,username - Samantha | 200 | 1 |" time="0.001"/>
  <testcase name="Then I validate the users service response code &quot;200&quot;" classname="| name - Clementine Bauch,website - ramiro.info,username - Samantha | 200 | 1 |" time="0"/>
  <testcase name="And I validate the users api service returns appropriate number of users from system &quot;1&quot;" classname="| name - Clementine Bauch,website - ramiro.info,username - Samantha | 200 | 1 |" time="0"/>
  <testcase name="And I validate users api returns response with appropriate details &quot;name - Clementine Bauch,website - ramiro.info,username - Samantha&quot;" classname="| name - Clementine Bauch,website - ramiro.info,username - Samantha | 200 | 1 |" time="0"/>
  <testcase name="And I validate users api response includes given attributes" classname="| name - Clementine Bauch,website - ramiro.info,username - Samantha | 200 | 1 |" time="0"/>
  <testcase name="| name - Clementine Bauch,website - ramiro.info,username - Samantha | 200 | 1 |" classname="| name - Clementine Bauch,website - ramiro.info,username - Samantha | 200 | 1 |" time="0.003"/>
</testsuite>